<?xml version="1.0" encoding="UTF-8"?>
<Site BuildName="Win32-MSBuild"
	BuildStamp="20210608-1005-Experimental"
	Name="DESKTOP-38DOFKR"
	Generator="ctest-3.20.3"
	CompilerName="C:/Program Files (x86)/Microsoft Visual Studio/2019/Community/VC/Tools/MSVC/14.29.30037/bin/Hostx64/x64/cl.exe"
	CompilerVersion="19.29.30037.0"
	OSName="Windows"
	Hostname="DESKTOP-38DOFKR"
	OSRelease=" Professional"
	OSVersion=" (Build 19041)"
	OSPlatform="AMD64"
	Is64Bits="1"
	VendorString="GenuineIntel"
	VendorID="Intel Corporation"
	FamilyID="6"
	ModelID="12"
	ProcessorCacheSize="-1"
	NumberOfLogicalCPU="4"
	NumberOfPhysicalCPU="2"
	TotalVirtualMemory="18693"
	TotalPhysicalMemory="16261"
	LogicalProcessorsPerPhysical="2"
	ProcessorClockFrequency="2594"
	>
	<Configure>
		<StartDateTime>Jun 08 12:05 Mitteleurop[NON-UTF-8-BYTE-0xE4]ische Sommerzeit</StartDateTime>
		<StartConfigureTime>1623146700</StartConfigureTime>
		<ConfigureCommand>"C:/cmake-3.20.3-windows-x86_64/bin/cmake.exe" "C:/Users/atc/Documents/CMakeTutorials/Hello World"</ConfigureCommand>
		<Log>-- Configuring done
-- Generating done
-- Build files have been written to: C:/Users/atc/Documents/CMakeTutorials/Hello World/build
</Log>
		<ConfigureStatus>0</ConfigureStatus>
		<EndDateTime>Jun 08 12:05 Mitteleurop[NON-UTF-8-BYTE-0xE4]ische Sommerzeit</EndDateTime>
		<EndConfigureTime>1623146701</EndConfigureTime>
		<ElapsedMinutes>0</ElapsedMinutes>
	</Configure>
</Site>
