<?xml version="1.0" encoding="UTF-8"?>
<Site BuildName="Win32-MSBuild"
	BuildStamp="20210608-1005-Experimental"
	Name="DESKTOP-38DOFKR"
	Generator="ctest-3.20.3"
	CompilerName="C:/Program Files (x86)/Microsoft Visual Studio/2019/Community/VC/Tools/MSVC/14.29.30037/bin/Hostx64/x64/cl.exe"
	CompilerVersion="19.29.30037.0"
	OSName="Windows"
	Hostname="DESKTOP-38DOFKR"
	OSRelease=" Professional"
	OSVersion=" (Build 19041)"
	OSPlatform="AMD64"
	Is64Bits="1"
	VendorString="GenuineIntel"
	VendorID="Intel Corporation"
	FamilyID="6"
	ModelID="12"
	ProcessorCacheSize="-1"
	NumberOfLogicalCPU="4"
	NumberOfPhysicalCPU="2"
	TotalVirtualMemory="18693"
	TotalPhysicalMemory="16261"
	LogicalProcessorsPerPhysical="2"
	ProcessorClockFrequency="2594"
	>
	<Testing>
		<StartDateTime>Jun 08 12:05 Mitteleurop[NON-UTF-8-BYTE-0xE4]ische Sommerzeit</StartDateTime>
		<StartTestTime>1623146702</StartTestTime>
		<TestList>
			<Test>./test1</Test>
		</TestList>
		<Test Status="passed">
			<Name>test1</Name>
			<Path>.</Path>
			<FullName>./test1</FullName>
			<FullCommandLine>"C:\Users\atc\Documents\CMakeTutorials\Hello World\build\Debug\HelloWorld.exe"</FullCommandLine>
			<Results>
				<NamedMeasurement type="numeric/double" name="Execution Time">
					<Value>0.0312014</Value>
				</NamedMeasurement>
				<NamedMeasurement type="numeric/double" name="Processors">
					<Value>1</Value>
				</NamedMeasurement>
				<NamedMeasurement type="text/string" name="Completion Status">
					<Value>Completed</Value>
				</NamedMeasurement>
				<NamedMeasurement type="text/string" name="Command Line">
					<Value>"C:\Users\atc\Documents\CMakeTutorials\Hello World\build\Debug\HelloWorld.exe"</Value>
				</NamedMeasurement>
				<NamedMeasurement type="text/string" name="Environment">
					<Value>#CTEST_RESOURCE_GROUP_COUNT=</Value>
				</NamedMeasurement>
				<Measurement>
					<Value>Hello World!
</Value>
				</Measurement>
			</Results>
		</Test>
		<EndDateTime>Jun 08 12:05 Mitteleurop[NON-UTF-8-BYTE-0xE4]ische Sommerzeit</EndDateTime>
		<EndTestTime>1623146703</EndTestTime>
		<ElapsedMinutes>0</ElapsedMinutes>
	</Testing>
</Site>
